<?xml version="1.0" encoding="UTF-8"?>
<testng-results ignored="0" total="1" passed="1" failed="0" skipped="0">
  <reporter-output>
  </reporter-output>
  <suite started-at="2022-09-19T09:35:07 IST" name="Surefire suite" finished-at="2022-09-19T09:35:30 IST" duration-ms="23558">
    <groups>
    </groups>
    <test started-at="2022-09-19T09:35:07 IST" name="Surefire test" finished-at="2022-09-19T09:35:30 IST" duration-ms="23558">
      <class name="com.hrm.qa.testcases.LoginTest">
        <test-method is-config="true" signature="setUp()[pri:0, instance:com.hrm.qa.testcases.LoginTest@1445d7f]" started-at="2022-09-19T09:35:07 IST" name="setUp" finished-at="2022-09-19T09:35:19 IST" duration-ms="12122" status="PASS">
          <reporter-output>
          </reporter-output>
        </test-method> <!-- setUp -->
        <test-method signature="VerifyLoginTest()[pri:0, instance:com.hrm.qa.testcases.LoginTest@1445d7f]" started-at="2022-09-19T09:35:19 IST" name="VerifyLoginTest" finished-at="2022-09-19T09:35:30 IST" duration-ms="11141" status="PASS">
          <reporter-output>
          </reporter-output>
        </test-method> <!-- VerifyLoginTest -->
        <test-method is-config="true" signature="teardown()[pri:0, instance:com.hrm.qa.testcases.LoginTest@1445d7f]" started-at="2022-09-19T09:35:30 IST" name="teardown" finished-at="2022-09-19T09:35:30 IST" duration-ms="245" status="PASS">
          <reporter-output>
          </reporter-output>
        </test-method> <!-- teardown -->
      </class> <!-- com.hrm.qa.testcases.LoginTest -->
    </test> <!-- Surefire test -->
  </suite> <!-- Surefire suite -->
</testng-results>
