<?xml version="1.0" encoding="UTF-8"?>
<testng-results ignored="0" total="1" passed="1" failed="0" skipped="0">
  <reporter-output>
  </reporter-output>
  <suite started-at="2022-09-22T17:21:16 IST" name="Default suite" finished-at="2022-09-22T17:21:35 IST" duration-ms="18929">
    <groups>
    </groups>
    <test started-at="2022-09-22T17:21:16 IST" name="Default test" finished-at="2022-09-22T17:21:35 IST" duration-ms="18929">
      <class name="com.hrm.qa.testcases.LoginTest">
        <test-method is-config="true" signature="setUp()[pri:0, instance:com.hrm.qa.testcases.LoginTest@5a63f509]" started-at="2022-09-22T17:21:16 IST" name="setUp" finished-at="2022-09-22T17:21:23 IST" duration-ms="7602" status="PASS">
          <reporter-output>
          </reporter-output>
        </test-method> <!-- setUp -->
        <test-method signature="VerifyLoginTest()[pri:0, instance:com.hrm.qa.testcases.LoginTest@5a63f509]" started-at="2022-09-22T17:21:23 IST" name="VerifyLoginTest" finished-at="2022-09-22T17:21:35 IST" duration-ms="11166" status="PASS">
          <reporter-output>
          </reporter-output>
        </test-method> <!-- VerifyLoginTest -->
        <test-method is-config="true" signature="teardown()[pri:0, instance:com.hrm.qa.testcases.LoginTest@5a63f509]" started-at="2022-09-22T17:21:35 IST" name="teardown" finished-at="2022-09-22T17:21:35 IST" duration-ms="120" status="PASS">
          <reporter-output>
          </reporter-output>
        </test-method> <!-- teardown -->
      </class> <!-- com.hrm.qa.testcases.LoginTest -->
    </test> <!-- Default test -->
  </suite> <!-- Default suite -->
</testng-results>
