<?xml version="1.0" encoding="UTF-8"?>
<testsuite xmlns:xsi="http://www.w3.org/2001/XMLSchema-instance" xsi:noNamespaceSchemaLocation="https://maven.apache.org/surefire/maven-surefire-plugin/xsd/surefire-test-report.xsd" name="TestSuite" time="60.175" tests="2" errors="0" skipped="0" failures="0">
  <properties>
[...]
</properties>
  <testcase name="VerifyLoginTest" classname="hrmTestclasses.LoginTest" time="7.971"/>
  <testcase name="Verifyuserisdeleted" classname="hrmTestclasses.PIMTest" time="15.165"/>
</testsuite>