<?xml version="1.0" encoding="UTF-8"?>
<testng-results ignored="0" total="2" passed="2" failed="0" skipped="0">
  <reporter-output>
  </reporter-output>
  <suite started-at="2022-09-08T13:32:15 IST" name="Surefire suite" finished-at="2022-09-08T13:33:15 IST" duration-ms="59781">
    <groups>
    </groups>
    <test started-at="2022-09-08T13:32:15 IST" name="Surefire test" finished-at="2022-09-08T13:33:15 IST" duration-ms="59781">
      <class name="hrmTestclasses.LoginTest">
        <test-method is-config="true" signature="setUp()[pri:0, instance:hrmTestclasses.LoginTest@1efee8e7]" started-at="2022-09-08T13:32:15 IST" name="setUp" finished-at="2022-09-08T13:32:31 IST" duration-ms="15806" status="PASS">
          <reporter-output>
          </reporter-output>
        </test-method> <!-- setUp -->
        <test-method signature="VerifyLoginTest()[pri:0, instance:hrmTestclasses.LoginTest@1efee8e7]" started-at="2022-09-08T13:32:31 IST" name="VerifyLoginTest" finished-at="2022-09-08T13:32:39 IST" duration-ms="7972" status="PASS">
          <reporter-output>
          </reporter-output>
        </test-method> <!-- VerifyLoginTest -->
        <test-method is-config="true" signature="SuiteTeardown()[pri:0, instance:hrmTestclasses.LoginTest@1efee8e7]" started-at="2022-09-08T13:32:39 IST" name="SuiteTeardown" finished-at="2022-09-08T13:32:39 IST" duration-ms="277" status="PASS">
          <reporter-output>
          </reporter-output>
        </test-method> <!-- SuiteTeardown -->
      </class> <!-- hrmTestclasses.LoginTest -->
      <class name="hrmTestclasses.PIMTest">
        <test-method is-config="true" signature="setUp()[pri:0, instance:hrmTestclasses.PIMTest@641147d0]" started-at="2022-09-08T13:32:39 IST" name="setUp" finished-at="2022-09-08T13:32:59 IST" duration-ms="20336" status="PASS">
          <reporter-output>
          </reporter-output>
        </test-method> <!-- setUp -->
        <test-method signature="Verifyuserisdeleted()[pri:0, instance:hrmTestclasses.PIMTest@641147d0]" started-at="2022-09-08T13:32:59 IST" name="Verifyuserisdeleted" finished-at="2022-09-08T13:33:15 IST" duration-ms="15166" status="PASS">
          <reporter-output>
          </reporter-output>
        </test-method> <!-- Verifyuserisdeleted -->
        <test-method is-config="true" signature="SuiteTeardown()[pri:0, instance:hrmTestclasses.PIMTest@641147d0]" started-at="2022-09-08T13:33:15 IST" name="SuiteTeardown" finished-at="2022-09-08T13:33:15 IST" duration-ms="182" status="PASS">
          <reporter-output>
          </reporter-output>
        </test-method> <!-- SuiteTeardown -->
      </class> <!-- hrmTestclasses.PIMTest -->
    </test> <!-- Surefire test -->
  </suite> <!-- Surefire suite -->
</testng-results>
