<?xml version="1.0" encoding="UTF-8"?>
<testng-results ignored="0" total="4" passed="4" failed="0" skipped="0">
  <reporter-output>
  </reporter-output>
  <suite started-at="2022-10-01T20:11:21 IST" name="Suite" finished-at="2022-10-01T20:11:22 IST" duration-ms="48">
    <groups>
    </groups>
    <test started-at="2022-10-01T20:11:21 IST" name="Test" finished-at="2022-10-01T20:11:22 IST" duration-ms="48">
      <class name="hrmTestclasses.A">
        <test-method signature="sampleTestAd()[pri:0, instance:hrmTestclasses.A@30ee2816]" started-at="2022-10-01T20:11:22 IST" name="sampleTestAd" finished-at="2022-10-01T20:11:22 IST" duration-ms="7" status="PASS">
          <reporter-output>
          </reporter-output>
        </test-method> <!-- sampleTestAd -->
        <test-method signature="sampleTestAt()[pri:0, instance:hrmTestclasses.A@30ee2816]" started-at="2022-10-01T20:11:22 IST" name="sampleTestAt" finished-at="2022-10-01T20:11:22 IST" duration-ms="1" status="PASS">
          <reporter-output>
          </reporter-output>
        </test-method> <!-- sampleTestAt -->
      </class> <!-- hrmTestclasses.A -->
      <class name="hrmTestclasses.B">
        <test-method signature="sampleTestA()[pri:0, instance:hrmTestclasses.B@4f209819]" started-at="2022-10-01T20:11:22 IST" name="sampleTestA" finished-at="2022-10-01T20:11:22 IST" duration-ms="2" status="PASS">
          <reporter-output>
          </reporter-output>
        </test-method> <!-- sampleTestA -->
        <test-method signature="sampleTestB()[pri:0, instance:hrmTestclasses.B@4f209819]" started-at="2022-10-01T20:11:22 IST" name="sampleTestB" finished-at="2022-10-01T20:11:22 IST" duration-ms="0" status="PASS">
          <reporter-output>
          </reporter-output>
        </test-method> <!-- sampleTestB -->
      </class> <!-- hrmTestclasses.B -->
    </test> <!-- Test -->
  </suite> <!-- Suite -->
</testng-results>
