<?xml version="1.0" encoding="UTF-8"?>
<testng-results ignored="0" total="1" passed="1" failed="0" skipped="0">
  <reporter-output>
  </reporter-output>
  <suite started-at="2022-09-04T14:07:17 IST" name="Default suite" finished-at="2022-09-04T14:07:17 IST" duration-ms="43">
    <groups>
    </groups>
    <test started-at="2022-09-04T14:07:17 IST" name="Default test" finished-at="2022-09-04T14:07:17 IST" duration-ms="43">
      <class name="hrmTestclasses.As">
        <test-method signature="fg()[pri:0, instance:hrmTestclasses.As@75329a49]" started-at="2022-09-04T14:07:17 IST" name="fg" finished-at="2022-09-04T14:07:17 IST" duration-ms="10" status="PASS">
          <reporter-output>
          </reporter-output>
        </test-method> <!-- fg -->
      </class> <!-- hrmTestclasses.As -->
    </test> <!-- Default test -->
  </suite> <!-- Default suite -->
</testng-results>
