<?xml version="1.0" encoding="UTF-8"?>
<testng-results ignored="0" total="1" passed="1" failed="0" skipped="0">
  <reporter-output>
  </reporter-output>
  <suite started-at="2022-09-09T16:43:53 IST" name="Default suite" finished-at="2022-09-09T16:44:20 IST" duration-ms="27763">
    <groups>
    </groups>
    <test started-at="2022-09-09T16:43:53 IST" name="Default test" finished-at="2022-09-09T16:44:20 IST" duration-ms="27763">
      <class name="hrmTestclasses.PIMTest">
        <test-method is-config="true" signature="setUp()[pri:0, instance:hrmTestclasses.PIMTest@5c909414]" started-at="2022-09-09T16:43:53 IST" name="setUp" finished-at="2022-09-09T16:44:05 IST" duration-ms="12590" status="PASS">
          <reporter-output>
          </reporter-output>
        </test-method> <!-- setUp -->
        <test-method signature="Verifyuserisdeleted()[pri:0, instance:hrmTestclasses.PIMTest@5c909414]" started-at="2022-09-09T16:44:05 IST" name="Verifyuserisdeleted" finished-at="2022-09-09T16:44:20 IST" duration-ms="14928" status="PASS">
          <reporter-output>
          </reporter-output>
        </test-method> <!-- Verifyuserisdeleted -->
        <test-method is-config="true" signature="SuiteTeardown()[pri:0, instance:hrmTestclasses.PIMTest@5c909414]" started-at="2022-09-09T16:44:20 IST" name="SuiteTeardown" finished-at="2022-09-09T16:44:20 IST" duration-ms="210" status="PASS">
          <reporter-output>
          </reporter-output>
        </test-method> <!-- SuiteTeardown -->
      </class> <!-- hrmTestclasses.PIMTest -->
    </test> <!-- Default test -->
  </suite> <!-- Default suite -->
</testng-results>
