<?xml version="1.0" encoding="UTF-8"?>
<!-- Generated by org.testng.reporters.JUnitXMLReporter -->
<testsuite ignored="0" hostname="LAPTOP-H9QU5DP7" failures="0" tests="4" name="Test" time="0.048" errors="0" timestamp="2022-10-01T20:11:22 IST">
  <testcase classname="hrmTestclasses.A" name="sampleTestAd" time="0.007"/>
  <testcase classname="hrmTestclasses.A" name="sampleTestAt" time="0.001"/>
  <testcase classname="hrmTestclasses.B" name="sampleTestA" time="0.002"/>
  <testcase classname="hrmTestclasses.B" name="sampleTestB" time="0.0"/>
</testsuite> <!-- Test -->
