<?xml version="1.0" encoding="UTF-8"?>
<testng-results ignored="0" total="1" passed="1" failed="0" skipped="0">
  <reporter-output>
  </reporter-output>
  <suite started-at="2022-09-14T19:35:53 IST" name="Default suite" finished-at="2022-09-14T19:36:14 IST" duration-ms="21136">
    <groups>
    </groups>
    <test started-at="2022-09-14T19:35:53 IST" name="Default test" finished-at="2022-09-14T19:36:14 IST" duration-ms="21136">
      <class name="com.hrm.qa.testcases.LoginTest">
        <test-method is-config="true" signature="setUp()[pri:0, instance:com.hrm.qa.testcases.LoginTest@70e8f8e]" started-at="2022-09-14T19:35:53 IST" name="setUp" finished-at="2022-09-14T19:36:03 IST" duration-ms="10066" status="PASS">
          <reporter-output>
          </reporter-output>
        </test-method> <!-- setUp -->
        <test-method signature="VerifyLoginTest()[pri:0, instance:com.hrm.qa.testcases.LoginTest@70e8f8e]" started-at="2022-09-14T19:36:03 IST" name="VerifyLoginTest" finished-at="2022-09-14T19:36:14 IST" duration-ms="10751" status="PASS">
          <reporter-output>
          </reporter-output>
        </test-method> <!-- VerifyLoginTest -->
        <test-method is-config="true" signature="teardown()[pri:0, instance:com.hrm.qa.testcases.LoginTest@70e8f8e]" started-at="2022-09-14T19:36:14 IST" name="teardown" finished-at="2022-09-14T19:36:14 IST" duration-ms="239" status="PASS">
          <reporter-output>
          </reporter-output>
        </test-method> <!-- teardown -->
      </class> <!-- com.hrm.qa.testcases.LoginTest -->
    </test> <!-- Default test -->
  </suite> <!-- Default suite -->
</testng-results>
